# JRE version: OpenJDK Runtime Environment Temurin-17.0.2+8 (17.0.2+8) (build 17.0.2+8)
# Java VM: OpenJDK 64-Bit Server VM Temurin-17.0.2+8 (17.0.2+8, mixed mode, tiered, compressed oops, compressed class ptrs, parallel gc, windows-amd64)
GC Precious Log:
 CPUs: 4 total, 4 available
 Memory: 8052M
 Large Page Support: Disabled
 NUMA Support: Disabled
 Compressed Oops: Enabled (32-bit)
 Alignments: Space 512K, Generation 512K, Heap 2M
 Heap Min Capacity: 100M
 Heap Initial Capacity: 100M
 Heap Max Capacity: 1G
 Pre-touch: Disabled
 Parallel Workers: 4
Heap:
 PSYoungGen      total 11264K, used 8378K [0x00000000eab00000, 0x00000000eb900000, 0x0000000100000000)
  eden space 9216K, 72% used [0x00000000eab00000,0x00000000eb188e68,0x00000000eb400000)
  from space 2048K, 82% used [0x00000000eb400000,0x00000000eb5a5b70,0x00000000eb600000)
  to   space 2560K, 0% used [0x00000000eb680000,0x00000000eb680000,0x00000000eb900000)
 ParOldGen       total 96256K, used 69348K [0x00000000c0000000, 0x00000000c5e00000, 0x00000000eab00000)
  object space 96256K, 72% used [0x00000000c0000000,0x00000000c43b9390,0x00000000c5e00000)
 Metaspace       used 54975K, committed 55744K, reserved 1105920K
  class space    used 5989K, committed 6272K, reserved 1048576K
GC Heap History (20 events):
Event: 29.318 GC heap before
{Heap before GC invocations=26 (full 2):
 PSYoungGen      total 15872K, used 15305K [0x00000000eab00000, 0x00000000ec080000, 0x0000000100000000)
  eden space 12800K, 98% used [0x00000000eab00000,0x00000000eb74d380,0x00000000eb780000)
  from space 3072K, 88% used [0x00000000eb780000,0x00000000eba25380,0x00000000eba80000)
  to   space 4608K, 0% used [0x00000000ebc00000,0x00000000ebc00000,0x00000000ec080000)
 ParOldGen       total 68608K, used 57464K [0x00000000c0000000, 0x00000000c4300000, 0x00000000eab00000)
  object space 68608K, 83% used [0x00000000c0000000,0x00000000c381e048,0x00000000c4300000)
 Metaspace       used 54789K, committed 55552K, reserved 1105920K
  class space    used 5973K, committed 6272K, reserved 1048576K
}
Event: 29.323 GC heap after
{Heap after GC invocations=26 (full 2):
 PSYoungGen      total 15360K, used 2246K [0x00000000eab00000, 0x00000000ebe80000, 0x0000000100000000)
  eden space 12800K, 0% used [0x00000000eab00000,0x00000000eab00000,0x00000000eb780000)
  from space 2560K, 87% used [0x00000000ebc00000,0x00000000ebe31880,0x00000000ebe80000)
  to   space 3072K, 0% used [0x00000000eb880000,0x00000000eb880000,0x00000000ebb80000)
 ParOldGen       total 68608K, used 60064K [0x00000000c0000000, 0x00000000c4300000, 0x00000000eab00000)
  object space 68608K, 87% used [0x00000000c0000000,0x00000000c3aa8088,0x00000000c4300000)
 Metaspace       used 54789K, committed 55552K, reserved 1105920K
  class space    used 5973K, committed 6272K, reserved 1048576K
}
Event: 29.464 GC heap before
{Heap before GC invocations=27 (full 2):
 PSYoungGen      total 15360K, used 14989K [0x00000000eab00000, 0x00000000ebe80000, 0x0000000100000000)
  eden space 12800K, 99% used [0x00000000eab00000,0x00000000eb771f50,0x00000000eb780000)
  from space 2560K, 87% used [0x00000000ebc00000,0x00000000ebe31880,0x00000000ebe80000)
  to   space 3072K, 0% used [0x00000000eb880000,0x00000000eb880000,0x00000000ebb80000)
 ParOldGen       total 68608K, used 60064K [0x00000000c0000000, 0x00000000c4300000, 0x00000000eab00000)
  object space 68608K, 87% used [0x00000000c0000000,0x00000000c3aa8088,0x00000000c4300000)
 Metaspace       used 54811K, committed 55552K, reserved 1105920K
  class space    used 5973K, committed 6272K, reserved 1048576K
}
Event: 29.468 GC heap after
{Heap after GC invocations=27 (full 2):
 PSYoungGen      total 15360K, used 2215K [0x00000000eab00000, 0x00000000ebc80000, 0x0000000100000000)
  eden space 12800K, 0% used [0x00000000eab00000,0x00000000eab00000,0x00000000eb780000)
  from space 2560K, 86% used [0x00000000eb880000,0x00000000ebaa9fd8,0x00000000ebb00000)
  to   space 1536K, 0% used [0x00000000ebb00000,0x00000000ebb00000,0x00000000ebc80000)
 ParOldGen       total 68608K, used 62266K [0x00000000c0000000, 0x00000000c4300000, 0x00000000eab00000)
  object space 68608K, 90% used [0x00000000c0000000,0x00000000c3cce888,0x00000000c4300000)
 Metaspace       used 54811K, committed 55552K, reserved 1105920K
  class space    used 5973K, committed 6272K, reserved 1048576K
}
Event: 29.641 GC heap before
{Heap before GC invocations=28 (full 2):
 PSYoungGen      total 15360K, used 15015K [0x00000000eab00000, 0x00000000ebc80000, 0x0000000100000000)
  eden space 12800K, 100% used [0x00000000eab00000,0x00000000eb780000,0x00000000eb780000)
  from space 2560K, 86% used [0x00000000eb880000,0x00000000ebaa9fd8,0x00000000ebb00000)
  to   space 1536K, 0% used [0x00000000ebb00000,0x00000000ebb00000,0x00000000ebc80000)
 ParOldGen       total 68608K, used 62266K [0x00000000c0000000, 0x00000000c4300000, 0x00000000eab00000)
  object space 68608K, 90% used [0x00000000c0000000,0x00000000c3cce888,0x00000000c4300000)
 Metaspace       used 54815K, committed 55552K, reserved 1105920K
  class space    used 5973K, committed 6272K, reserved 1048576K
}
Event: 29.649 GC heap after
{Heap after GC invocations=28 (full 2):
 PSYoungGen      total 11264K, used 1530K [0x00000000eab00000, 0x00000000ec480000, 0x0000000100000000)
  eden space 9728K, 0% used [0x00000000eab00000,0x00000000eab00000,0x00000000eb480000)
  from space 1536K, 99% used [0x00000000ebb00000,0x00000000ebc7ea28,0x00000000ebc80000)
  to   space 6656K, 0% used [0x00000000eb480000,0x00000000eb480000,0x00000000ebb00000)
 ParOldGen       total 68608K, used 66516K [0x00000000c0000000, 0x00000000c4300000, 0x00000000eab00000)
  object space 68608K, 96% used [0x00000000c0000000,0x00000000c40f5358,0x00000000c4300000)
 Metaspace       used 54815K, committed 55552K, reserved 1105920K
  class space    used 5973K, committed 6272K, reserved 1048576K
}
Event: 29.649 GC heap before
{Heap before GC invocations=29 (full 3):
 PSYoungGen      total 11264K, used 1530K [0x00000000eab00000, 0x00000000ec480000, 0x0000000100000000)
  eden space 9728K, 0% used [0x00000000eab00000,0x00000000eab00000,0x00000000eb480000)
  from space 1536K, 99% used [0x00000000ebb00000,0x00000000ebc7ea28,0x00000000ebc80000)
  to   space 6656K, 0% used [0x00000000eb480000,0x00000000eb480000,0x00000000ebb00000)
 ParOldGen       total 68608K, used 66516K [0x00000000c0000000, 0x00000000c4300000, 0x00000000eab00000)
  object space 68608K, 96% used [0x00000000c0000000,0x00000000c40f5358,0x00000000c4300000)
 Metaspace       used 54815K, committed 55552K, reserved 1105920K
  class space    used 5973K, committed 6272K, reserved 1048576K
}
Event: 29.812 GC heap after
{Heap after GC invocations=29 (full 3):
 PSYoungGen      total 16384K, used 0K [0x00000000eab00000, 0x00000000ec180000, 0x0000000100000000)
  eden space 9728K, 0% used [0x00000000eab00000,0x00000000eab00000,0x00000000eb480000)
  from space 6656K, 0% used [0x00000000eb480000,0x00000000eb480000,0x00000000ebb00000)
  to   space 6656K, 0% used [0x00000000ebb00000,0x00000000ebb00000,0x00000000ec180000)
 ParOldGen       total 68608K, used 60076K [0x00000000c0000000, 0x00000000c4300000, 0x00000000eab00000)
  object space 68608K, 87% used [0x00000000c0000000,0x00000000c3aab058,0x00000000c4300000)
 Metaspace       used 54815K, committed 55552K, reserved 1105920K
  class space    used 5973K, committed 6272K, reserved 1048576K
}
Event: 29.937 GC heap before
{Heap before GC invocations=30 (full 3):
 PSYoungGen      total 16384K, used 9728K [0x00000000eab00000, 0x00000000ec180000, 0x0000000100000000)
  eden space 9728K, 100% used [0x00000000eab00000,0x00000000eb480000,0x00000000eb480000)
  from space 6656K, 0% used [0x00000000eb480000,0x00000000eb480000,0x00000000ebb00000)
  to   space 6656K, 0% used [0x00000000ebb00000,0x00000000ebb00000,0x00000000ec180000)
 ParOldGen       total 68608K, used 60076K [0x00000000c0000000, 0x00000000c4300000, 0x00000000eab00000)
  object space 68608K, 87% used [0x00000000c0000000,0x00000000c3aab058,0x00000000c4300000)
 Metaspace       used 54817K, committed 55552K, reserved 1105920K
  class space    used 5973K, committed 6272K, reserved 1048576K
}
Event: 29.939 GC heap after
{Heap after GC invocations=30 (full 3):
 PSYoungGen      total 11776K, used 1794K [0x00000000eab00000, 0x00000000ebd00000, 0x0000000100000000)
  eden space 9728K, 0% used [0x00000000eab00000,0x00000000eab00000,0x00000000eb480000)
  from space 2048K, 87% used [0x00000000ebb00000,0x00000000ebcc0820,0x00000000ebd00000)
  to   space 3584K, 0% used [0x00000000eb600000,0x00000000eb600000,0x00000000eb980000)
 ParOldGen       total 68608K, used 60084K [0x00000000c0000000, 0x00000000c4300000, 0x00000000eab00000)
  object space 68608K, 87% used [0x00000000c0000000,0x00000000c3aad058,0x00000000c4300000)
 Metaspace       used 54817K, committed 55552K, reserved 1105920K
  class space    used 5973K, committed 6272K, reserved 1048576K
}
Event: 30.028 GC heap before
{Heap before GC invocations=31 (full 3):
 PSYoungGen      total 11776K, used 11522K [0x00000000eab00000, 0x00000000ebd00000, 0x0000000100000000)
  eden space 9728K, 100% used [0x00000000eab00000,0x00000000eb480000,0x00000000eb480000)
  from space 2048K, 87% used [0x00000000ebb00000,0x00000000ebcc0820,0x00000000ebd00000)
  to   space 3584K, 0% used [0x00000000eb600000,0x00000000eb600000,0x00000000eb980000)
 ParOldGen       total 68608K, used 60084K [0x00000000c0000000, 0x00000000c4300000, 0x00000000eab00000)
  object space 68608K, 87% used [0x00000000c0000000,0x00000000c3aad058,0x00000000c4300000)
 Metaspace       used 54824K, committed 55552K, reserved 1105920K
  class space    used 5974K, committed 6272K, reserved 1048576K
}
Event: 30.032 GC heap after
{Heap after GC invocations=31 (full 3):
 PSYoungGen      total 13312K, used 3220K [0x00000000eab00000, 0x00000000ebb80000, 0x0000000100000000)
  eden space 9728K, 0% used [0x00000000eab00000,0x00000000eab00000,0x00000000eb480000)
  from space 3584K, 89% used [0x00000000eb600000,0x00000000eb925260,0x00000000eb980000)
  to   space 2048K, 0% used [0x00000000eb980000,0x00000000eb980000,0x00000000ebb80000)
 ParOldGen       total 68608K, used 61745K [0x00000000c0000000, 0x00000000c4300000, 0x00000000eab00000)
  object space 68608K, 89% used [0x00000000c0000000,0x00000000c3c4c7f0,0x00000000c4300000)
 Metaspace       used 54824K, committed 55552K, reserved 1105920K
  class space    used 5974K, committed 6272K, reserved 1048576K
}
Event: 30.121 GC heap before
{Heap before GC invocations=32 (full 3):
 PSYoungGen      total 13312K, used 12948K [0x00000000eab00000, 0x00000000ebb80000, 0x0000000100000000)
  eden space 9728K, 100% used [0x00000000eab00000,0x00000000eb480000,0x00000000eb480000)
  from space 3584K, 89% used [0x00000000eb600000,0x00000000eb925260,0x00000000eb980000)
  to   space 2048K, 0% used [0x00000000eb980000,0x00000000eb980000,0x00000000ebb80000)
 ParOldGen       total 68608K, used 61745K [0x00000000c0000000, 0x00000000c4300000, 0x00000000eab00000)
  object space 68608K, 89% used [0x00000000c0000000,0x00000000c3c4c7f0,0x00000000c4300000)
 Metaspace       used 54840K, committed 55552K, reserved 1105920K
  class space    used 5974K, committed 6272K, reserved 1048576K
}
Event: 30.123 GC heap after
{Heap after GC invocations=32 (full 3):
 PSYoungGen      total 11776K, used 1959K [0x00000000eab00000, 0x00000000ebb80000, 0x0000000100000000)
  eden space 9728K, 0% used [0x00000000eab00000,0x00000000eab00000,0x00000000eb480000)
  from space 2048K, 95% used [0x00000000eb980000,0x00000000ebb69e10,0x00000000ebb80000)
  to   space 2560K, 0% used [0x00000000eb680000,0x00000000eb680000,0x00000000eb900000)
 ParOldGen       total 68608K, used 63882K [0x00000000c0000000, 0x00000000c4300000, 0x00000000eab00000)
  object space 68608K, 93% used [0x00000000c0000000,0x00000000c3e62a20,0x00000000c4300000)
 Metaspace       used 54840K, committed 55552K, reserved 1105920K
  class space    used 5974K, committed 6272K, reserved 1048576K
}
Event: 30.328 GC heap before
{Heap before GC invocations=33 (full 3):
 PSYoungGen      total 11776K, used 11686K [0x00000000eab00000, 0x00000000ebb80000, 0x0000000100000000)
  eden space 9728K, 99% used [0x00000000eab00000,0x00000000eb47fd80,0x00000000eb480000)
  from space 2048K, 95% used [0x00000000eb980000,0x00000000ebb69e10,0x00000000ebb80000)
  to   space 2560K, 0% used [0x00000000eb680000,0x00000000eb680000,0x00000000eb900000)
 ParOldGen       total 68608K, used 63882K [0x00000000c0000000, 0x00000000c4300000, 0x00000000eab00000)
  object space 68608K, 93% used [0x00000000c0000000,0x00000000c3e62a20,0x00000000c4300000)
 Metaspace       used 54885K, committed 55680K, reserved 1105920K
  class space    used 5981K, committed 6272K, reserved 1048576K
}
Event: 30.332 GC heap after
{Heap after GC invocations=33 (full 3):
 PSYoungGen      total 11776K, used 1669K [0x00000000eab00000, 0x00000000eba00000, 0x0000000100000000)
  eden space 9728K, 0% used [0x00000000eab00000,0x00000000eab00000,0x00000000eb480000)
  from space 2048K, 81% used [0x00000000eb680000,0x00000000eb821680,0x00000000eb880000)
  to   space 1536K, 0% used [0x00000000eb880000,0x00000000eb880000,0x00000000eba00000)
 ParOldGen       total 68608K, used 65784K [0x00000000c0000000, 0x00000000c4300000, 0x00000000eab00000)
  object space 68608K, 95% used [0x00000000c0000000,0x00000000c403e3d8,0x00000000c4300000)
 Metaspace       used 54885K, committed 55680K, reserved 1105920K
  class space    used 5981K, committed 6272K, reserved 1048576K
}
Event: 30.394 GC heap before
{Heap before GC invocations=34 (full 3):
 PSYoungGen      total 11776K, used 10764K [0x00000000eab00000, 0x00000000eba00000, 0x0000000100000000)
  eden space 9728K, 93% used [0x00000000eab00000,0x00000000eb3e1af8,0x00000000eb480000)
  from space 2048K, 81% used [0x00000000eb680000,0x00000000eb821680,0x00000000eb880000)
  to   space 1536K, 0% used [0x00000000eb880000,0x00000000eb880000,0x00000000eba00000)
 ParOldGen       total 68608K, used 65784K [0x00000000c0000000, 0x00000000c4300000, 0x00000000eab00000)
  object space 68608K, 95% used [0x00000000c0000000,0x00000000c403e3d8,0x00000000c4300000)
 Metaspace       used 54927K, committed 55680K, reserved 1105920K
  class space    used 5984K, committed 6272K, reserved 1048576K
}
Event: 30.397 GC heap after
{Heap after GC invocations=34 (full 3):
 PSYoungGen      total 10752K, used 1506K [0x00000000eab00000, 0x00000000ebd80000, 0x0000000100000000)
  eden space 9216K, 0% used [0x00000000eab00000,0x00000000eab00000,0x00000000eb400000)
  from space 1536K, 98% used [0x00000000eb880000,0x00000000eb9f8ae0,0x00000000eba00000)
  to   space 4608K, 0% used [0x00000000eb400000,0x00000000eb400000,0x00000000eb880000)
 ParOldGen       total 68608K, used 68305K [0x00000000c0000000, 0x00000000c4300000, 0x00000000eab00000)
  object space 68608K, 99% used [0x00000000c0000000,0x00000000c42b45a0,0x00000000c4300000)
 Metaspace       used 54927K, committed 55680K, reserved 1105920K
  class space    used 5984K, committed 6272K, reserved 1048576K
}
Event: 30.397 GC heap before
{Heap before GC invocations=35 (full 4):
 PSYoungGen      total 10752K, used 1506K [0x00000000eab00000, 0x00000000ebd80000, 0x0000000100000000)
  eden space 9216K, 0% used [0x00000000eab00000,0x00000000eab00000,0x00000000eb400000)
  from space 1536K, 98% used [0x00000000eb880000,0x00000000eb9f8ae0,0x00000000eba00000)
  to   space 4608K, 0% used [0x00000000eb400000,0x00000000eb400000,0x00000000eb880000)
 ParOldGen       total 68608K, used 68305K [0x00000000c0000000, 0x00000000c4300000, 0x00000000eab00000)
  object space 68608K, 99% used [0x00000000c0000000,0x00000000c42b45a0,0x00000000c4300000)
 Metaspace       used 54927K, committed 55680K, reserved 1105920K
  class space    used 5984K, committed 6272K, reserved 1048576K
}
Event: 30.515 GC heap after
{Heap after GC invocations=35 (full 4):
 PSYoungGen      total 10752K, used 784K [0x00000000eab00000, 0x00000000ebd00000, 0x0000000100000000)
  eden space 9216K, 0% used [0x00000000eab00000,0x00000000eab00000,0x00000000eb400000)
  from space 1536K, 51% used [0x00000000eb880000,0x00000000eb944160,0x00000000eba00000)
  to   space 4608K, 0% used [0x00000000eb400000,0x00000000eb400000,0x00000000eb880000)
 ParOldGen       total 96256K, used 68540K [0x00000000c0000000, 0x00000000c5e00000, 0x00000000eab00000)
  object space 96256K, 71% used [0x00000000c0000000,0x00000000c42ef3b8,0x00000000c5e00000)
 Metaspace       used 54927K, committed 55680K, reserved 1105920K
  class space    used 5984K, committed 6272K, reserved 1048576K
}

